2024-09-08 09:10:10.150 [info] [main] Log level: Info
2024-09-08 09:10:10.150 [info] [main] Validating found git in: "git"
2024-09-08 09:10:10.150 [info] [main] Using git "2.43.0" from "git"
2024-09-08 09:10:10.150 [info] [Model][doInitialScan] Initial repository scan started
2024-09-08 09:10:10.150 [info] [Model][doInitialScan] Initial repository scan completed - repositories (0), closed repositories (0), parent repositories (0), unsafe repositories (0)
2024-09-08 09:10:31.764 [info] [main] Log level: Info
2024-09-08 09:10:31.764 [info] [main] Validating found git in: "git"
2024-09-08 09:10:31.764 [info] [main] Using git "2.43.0" from "git"
2024-09-08 09:10:31.764 [info] [Model][doInitialScan] Initial repository scan started
2024-09-08 09:10:31.774 [info] > git rev-parse --show-toplevel [13ms]
2024-09-08 09:10:31.800 [info] > git rev-parse --git-dir --git-common-dir [4ms]
2024-09-08 09:10:31.827 [info] [Model][openRepository] Opened repository: /home/joaochiroli/Commands-List
2024-09-08 09:10:31.877 [info] > git config --get commit.template [21ms]
2024-09-08 09:10:31.893 [info] > git for-each-ref --format=%(refname)%00%(upstream:short)%00%(objectname)%00%(upstream:track)%00%(upstream:remotename)%00%(upstream:remoteref) refs/heads/main refs/remotes/main [23ms]
2024-09-08 09:10:31.900 [info] > git rev-parse --show-toplevel [11ms]
2024-09-08 09:10:31.965 [info] > git status -z -uall [47ms]
2024-09-08 09:10:32.010 [info] > git rev-parse --show-toplevel [102ms]
2024-09-08 09:10:32.060 [info] > git for-each-ref --format=%(refname)%00%(upstream:short)%00%(objectname)%00%(upstream:track)%00%(upstream:remotename)%00%(upstream:remoteref) refs/heads/main refs/remotes/main [79ms]
2024-09-08 09:10:32.198 [info] > git config --local branch.main.vscode-merge-base [125ms]
2024-09-08 09:10:32.198 [warning] [Git][config] git config failed: Failed to execute git
2024-09-08 09:10:32.206 [info] > git rev-parse --show-toplevel [148ms]
2024-09-08 09:10:32.206 [info] > git config --get commit.template [156ms]
2024-09-08 09:10:32.302 [info] > git reflog main --grep-reflog=branch: Created from *. [96ms]
2024-09-08 09:10:32.370 [info] > git symbolic-ref --short refs/remotes/origin/HEAD [62ms]
2024-09-08 09:10:32.381 [info] > git rev-parse --show-toplevel [85ms]
2024-09-08 09:10:32.396 [info] > git for-each-ref --format=%(refname)%00%(upstream:short)%00%(objectname)%00%(upstream:track)%00%(upstream:remotename)%00%(upstream:remoteref) refs/heads/main refs/remotes/main [28ms]
2024-09-08 09:10:32.413 [info] > git rev-parse --show-toplevel [18ms]
2024-09-08 09:10:32.414 [info] > git for-each-ref --format=%(refname)%00%(upstream:short)%00%(objectname)%00%(upstream:track)%00%(upstream:remotename)%00%(upstream:remoteref) refs/heads/origin/main refs/remotes/origin/main [34ms]
2024-09-08 09:10:32.434 [info] > git check-ignore -v -z --stdin [29ms]
2024-09-08 09:10:32.441 [info] > git rev-parse --show-toplevel [7ms]
2024-09-08 09:10:32.445 [info] > git config --local branch.main.vscode-merge-base origin/main [24ms]
2024-09-08 09:10:32.468 [info] > git rev-parse --show-toplevel [10ms]
2024-09-08 09:10:32.498 [info] > git config --get commit.template [30ms]
2024-09-08 09:10:32.501 [info] > git rev-parse --show-toplevel [18ms]
2024-09-08 09:10:32.513 [info] > git rev-parse --show-toplevel [4ms]
2024-09-08 09:10:32.515 [info] > git for-each-ref --format=%(refname)%00%(upstream:short)%00%(objectname)%00%(upstream:track)%00%(upstream:remotename)%00%(upstream:remoteref) refs/heads/main refs/remotes/main [19ms]
2024-09-08 09:10:32.532 [info] > git rev-parse --show-toplevel [12ms]
2024-09-08 09:10:32.538 [info] > git status -z -uall [9ms]
2024-09-08 09:10:32.570 [info] > git for-each-ref --format=%(refname)%00%(upstream:short)%00%(objectname)%00%(upstream:track)%00%(upstream:remotename)%00%(upstream:remoteref) refs/heads/main refs/remotes/main [19ms]
2024-09-08 09:10:32.580 [info] > git rev-parse --show-toplevel [43ms]
2024-09-08 09:10:32.583 [info] [Model][doInitialScan] Initial repository scan completed - repositories (1), closed repositories (0), parent repositories (0), unsafe repositories (0)
2024-09-08 09:10:32.589 [info] > git config --local branch.main.vscode-merge-base [9ms]
2024-09-08 09:10:32.597 [info] > git merge-base refs/heads/main refs/remotes/origin/main [29ms]
2024-09-08 09:10:32.610 [info] > git for-each-ref --format=%(refname)%00%(upstream:short)%00%(objectname)%00%(upstream:track)%00%(upstream:remotename)%00%(upstream:remoteref) refs/heads/origin/main refs/remotes/origin/main [13ms]
2024-09-08 09:10:32.616 [info] > git rev-list --count --left-right refs/heads/main...refs/remotes/origin/main [8ms]
2024-09-08 09:10:32.626 [info] > git diff --name-status -z --diff-filter=ADMR 896552b16ca06d7857042f24afc3af958ad178d8...refs/remotes/origin/main [2ms]
2024-09-08 09:10:34.140 [info] > git show --textconv :Azure/README.md [12ms]
2024-09-08 09:10:34.144 [info] > git ls-files --stage -- /home/joaochiroli/Commands-List/Azure/README.md [5ms]
2024-09-08 09:10:34.159 [info] > git cat-file -s e69de29bb2d1d6434b8b29ae775ad8c2e48c5391 [3ms]
2024-09-08 09:10:38.882 [info] > git config --get commit.template [9ms]
2024-09-08 09:10:38.882 [info] > git for-each-ref --format=%(refname)%00%(upstream:short)%00%(objectname)%00%(upstream:track)%00%(upstream:remotename)%00%(upstream:remoteref) refs/heads/main refs/remotes/main [2ms]
2024-09-08 09:10:38.902 [info] > git status -z -uall [12ms]
2024-09-08 09:10:38.937 [info] > git for-each-ref --format=%(refname)%00%(upstream:short)%00%(objectname)%00%(upstream:track)%00%(upstream:remotename)%00%(upstream:remoteref) refs/heads/main refs/remotes/main [21ms]
2024-09-08 09:10:38.951 [info] > git config --local branch.main.vscode-merge-base [3ms]
2024-09-08 09:10:38.968 [info] > git for-each-ref --format=%(refname)%00%(upstream:short)%00%(objectname)%00%(upstream:track)%00%(upstream:remotename)%00%(upstream:remoteref) refs/heads/origin/main refs/remotes/origin/main [6ms]
2024-09-08 09:10:43.943 [info] > git config --get commit.template [6ms]
2024-09-08 09:10:43.962 [info] > git for-each-ref --format=%(refname)%00%(upstream:short)%00%(objectname)%00%(upstream:track)%00%(upstream:remotename)%00%(upstream:remoteref) refs/heads/main refs/remotes/main [7ms]
2024-09-08 09:10:43.991 [info] > git status -z -uall [11ms]
2024-09-08 09:10:44.047 [info] > git for-each-ref --format=%(refname)%00%(upstream:short)%00%(objectname)%00%(upstream:track)%00%(upstream:remotename)%00%(upstream:remoteref) refs/heads/main refs/remotes/main [30ms]
2024-09-08 09:10:44.066 [info] > git config --local branch.main.vscode-merge-base [12ms]
2024-09-08 09:10:44.077 [info] > git for-each-ref --format=%(refname)%00%(upstream:short)%00%(objectname)%00%(upstream:track)%00%(upstream:remotename)%00%(upstream:remoteref) refs/heads/origin/main refs/remotes/origin/main [3ms]
2024-09-08 09:10:49.072 [info] > git config --get commit.template [22ms]
2024-09-08 09:10:49.078 [info] > git for-each-ref --format=%(refname)%00%(upstream:short)%00%(objectname)%00%(upstream:track)%00%(upstream:remotename)%00%(upstream:remoteref) refs/heads/main refs/remotes/main [9ms]
2024-09-08 09:10:49.114 [info] > git status -z -uall [18ms]
2024-09-08 09:10:49.155 [info] > git for-each-ref --format=%(refname)%00%(upstream:short)%00%(objectname)%00%(upstream:track)%00%(upstream:remotename)%00%(upstream:remoteref) refs/heads/main refs/remotes/main [22ms]
2024-09-08 09:10:49.172 [info] > git config --local branch.main.vscode-merge-base [5ms]
2024-09-08 09:10:49.182 [info] > git for-each-ref --format=%(refname)%00%(upstream:short)%00%(objectname)%00%(upstream:track)%00%(upstream:remotename)%00%(upstream:remoteref) refs/heads/origin/main refs/remotes/origin/main [2ms]
2024-09-08 09:10:54.169 [info] > git config --get commit.template [7ms]
2024-09-08 09:10:54.171 [info] > git for-each-ref --format=%(refname)%00%(upstream:short)%00%(objectname)%00%(upstream:track)%00%(upstream:remotename)%00%(upstream:remoteref) refs/heads/main refs/remotes/main [3ms]
2024-09-08 09:10:54.185 [info] > git status -z -uall [7ms]
2024-09-08 09:10:54.203 [info] > git for-each-ref --format=%(refname)%00%(upstream:short)%00%(objectname)%00%(upstream:track)%00%(upstream:remotename)%00%(upstream:remoteref) refs/heads/main refs/remotes/main [8ms]
2024-09-08 09:10:54.219 [info] > git config --local branch.main.vscode-merge-base [7ms]
2024-09-08 09:10:54.232 [info] > git for-each-ref --format=%(refname)%00%(upstream:short)%00%(objectname)%00%(upstream:track)%00%(upstream:remotename)%00%(upstream:remoteref) refs/heads/origin/main refs/remotes/origin/main [2ms]
2024-09-08 09:10:59.216 [info] > git config --get commit.template [4ms]
2024-09-08 09:10:59.226 [info] > git for-each-ref --format=%(refname)%00%(upstream:short)%00%(objectname)%00%(upstream:track)%00%(upstream:remotename)%00%(upstream:remoteref) refs/heads/main refs/remotes/main [4ms]
2024-09-08 09:10:59.246 [info] > git status -z -uall [10ms]
2024-09-08 09:10:59.273 [info] > git for-each-ref --format=%(refname)%00%(upstream:short)%00%(objectname)%00%(upstream:track)%00%(upstream:remotename)%00%(upstream:remoteref) refs/heads/main refs/remotes/main [13ms]
2024-09-08 09:10:59.289 [info] > git config --local branch.main.vscode-merge-base [4ms]
2024-09-08 09:10:59.315 [info] > git for-each-ref --format=%(refname)%00%(upstream:short)%00%(objectname)%00%(upstream:track)%00%(upstream:remotename)%00%(upstream:remoteref) refs/heads/origin/main refs/remotes/origin/main [6ms]
2024-09-08 09:11:06.061 [info] > git config --get commit.template [8ms]
2024-09-08 09:11:06.063 [info] > git for-each-ref --format=%(refname)%00%(upstream:short)%00%(objectname)%00%(upstream:track)%00%(upstream:remotename)%00%(upstream:remoteref) refs/heads/main refs/remotes/main [3ms]
2024-09-08 09:11:06.080 [info] > git status -z -uall [10ms]
2024-09-08 09:11:06.117 [info] > git for-each-ref --format=%(refname)%00%(upstream:short)%00%(objectname)%00%(upstream:track)%00%(upstream:remotename)%00%(upstream:remoteref) refs/heads/main refs/remotes/main [17ms]
2024-09-08 09:11:06.128 [info] > git config --local branch.main.vscode-merge-base [3ms]
2024-09-08 09:11:06.139 [info] > git for-each-ref --format=%(refname)%00%(upstream:short)%00%(objectname)%00%(upstream:track)%00%(upstream:remotename)%00%(upstream:remoteref) refs/heads/origin/main refs/remotes/origin/main [4ms]
2024-09-08 09:12:16.135 [info] > git config --get commit.template [8ms]
2024-09-08 09:12:16.137 [info] > git for-each-ref --format=%(refname)%00%(upstream:short)%00%(objectname)%00%(upstream:track)%00%(upstream:remotename)%00%(upstream:remoteref) refs/heads/main refs/remotes/main [3ms]
2024-09-08 09:12:16.160 [info] > git status -z -uall [8ms]
2024-09-08 09:12:16.185 [info] > git for-each-ref --format=%(refname)%00%(upstream:short)%00%(objectname)%00%(upstream:track)%00%(upstream:remotename)%00%(upstream:remoteref) refs/heads/main refs/remotes/main [7ms]
2024-09-08 09:12:16.199 [info] > git config --local branch.main.vscode-merge-base [5ms]
2024-09-08 09:12:16.210 [info] > git for-each-ref --format=%(refname)%00%(upstream:short)%00%(objectname)%00%(upstream:track)%00%(upstream:remotename)%00%(upstream:remoteref) refs/heads/origin/main refs/remotes/origin/main [1ms]
2024-09-08 09:12:21.228 [info] > git config --get commit.template [20ms]
2024-09-08 09:12:21.232 [info] > git for-each-ref --format=%(refname)%00%(upstream:short)%00%(objectname)%00%(upstream:track)%00%(upstream:remotename)%00%(upstream:remoteref) refs/heads/main refs/remotes/main [5ms]
2024-09-08 09:12:21.245 [info] > git status -z -uall [6ms]
2024-09-08 09:12:21.259 [info] > git for-each-ref --format=%(refname)%00%(upstream:short)%00%(objectname)%00%(upstream:track)%00%(upstream:remotename)%00%(upstream:remoteref) refs/heads/main refs/remotes/main [6ms]
2024-09-08 09:12:21.268 [info] > git config --local branch.main.vscode-merge-base [4ms]
2024-09-08 09:12:21.275 [info] > git for-each-ref --format=%(refname)%00%(upstream:short)%00%(objectname)%00%(upstream:track)%00%(upstream:remotename)%00%(upstream:remoteref) refs/heads/origin/main refs/remotes/origin/main [2ms]
2024-09-08 09:12:23.937 [info] > git ls-files --stage -- /home/joaochiroli/Commands-List/Azure/README.md [6ms]
2024-09-08 09:12:23.960 [info] > git cat-file -s 82a5f6824c4036a6862430c8befccfba8e075c1e [5ms]
2024-09-08 09:12:23.984 [info] > git show --textconv :Azure/README.md [3ms]
2024-09-08 09:12:26.275 [info] > git config --get commit.template [9ms]
2024-09-08 09:12:26.277 [info] > git for-each-ref --format=%(refname)%00%(upstream:short)%00%(objectname)%00%(upstream:track)%00%(upstream:remotename)%00%(upstream:remoteref) refs/heads/main refs/remotes/main [4ms]
2024-09-08 09:12:26.291 [info] > git status -z -uall [8ms]
2024-09-08 09:12:26.311 [info] > git for-each-ref --format=%(refname)%00%(upstream:short)%00%(objectname)%00%(upstream:track)%00%(upstream:remotename)%00%(upstream:remoteref) refs/heads/main refs/remotes/main [9ms]
2024-09-08 09:12:26.323 [info] > git config --local branch.main.vscode-merge-base [4ms]
2024-09-08 09:12:26.336 [info] > git for-each-ref --format=%(refname)%00%(upstream:short)%00%(objectname)%00%(upstream:track)%00%(upstream:remotename)%00%(upstream:remoteref) refs/heads/origin/main refs/remotes/origin/main [4ms]
2024-09-08 09:12:26.350 [info] > git merge-base refs/heads/main refs/remotes/origin/main [4ms]
2024-09-08 09:12:26.360 [info] > git rev-list --count --left-right refs/heads/main...refs/remotes/origin/main [3ms]
2024-09-08 09:12:26.373 [info] > git diff --name-status -z --diff-filter=ADMR 896552b16ca06d7857042f24afc3af958ad178d8...refs/remotes/origin/main [4ms]
2024-09-08 09:12:30.596 [info] > git ls-files --stage -- /home/joaochiroli/Commands-List/Azure/README.md [3ms]
2024-09-08 09:12:30.604 [info] > git cat-file -s 82a5f6824c4036a6862430c8befccfba8e075c1e [2ms]
2024-09-08 09:12:30.613 [info] > git show --textconv :Azure/README.md [3ms]
2024-09-08 09:12:31.356 [info] > git config --get commit.template [16ms]
2024-09-08 09:12:31.397 [info] > git for-each-ref --format=%(refname)%00%(upstream:short)%00%(objectname)%00%(upstream:track)%00%(upstream:remotename)%00%(upstream:remoteref) refs/heads/main refs/remotes/main [12ms]
2024-09-08 09:12:31.425 [info] > git status -z -uall [16ms]
2024-09-08 09:12:31.446 [info] > git for-each-ref --format=%(refname)%00%(upstream:short)%00%(objectname)%00%(upstream:track)%00%(upstream:remotename)%00%(upstream:remoteref) refs/heads/main refs/remotes/main [8ms]
2024-09-08 09:12:31.462 [info] > git config --local branch.main.vscode-merge-base [4ms]
2024-09-08 09:12:31.473 [info] > git for-each-ref --format=%(refname)%00%(upstream:short)%00%(objectname)%00%(upstream:track)%00%(upstream:remotename)%00%(upstream:remoteref) refs/heads/origin/main refs/remotes/origin/main [3ms]
2024-09-08 09:12:31.485 [info] > git merge-base refs/heads/main refs/remotes/origin/main [4ms]
2024-09-08 09:12:31.494 [info] > git rev-list --count --left-right refs/heads/main...refs/remotes/origin/main [3ms]
2024-09-08 09:12:31.501 [info] > git diff --name-status -z --diff-filter=ADMR 2446ad809fc904cd6bdb3894f91310bcb5b8592b...refs/remotes/origin/main [2ms]
2024-09-08 09:12:48.702 [info] > git config --get commit.template [16ms]
2024-09-08 09:12:48.703 [info] > git for-each-ref --format=%(refname)%00%(upstream:short)%00%(objectname)%00%(upstream:track)%00%(upstream:remotename)%00%(upstream:remoteref) refs/heads/main refs/remotes/main [2ms]
2024-09-08 09:12:48.728 [info] > git status -z -uall [14ms]
2024-09-08 09:12:48.751 [info] > git for-each-ref --format=%(refname)%00%(upstream:short)%00%(objectname)%00%(upstream:track)%00%(upstream:remotename)%00%(upstream:remoteref) refs/heads/main refs/remotes/main [6ms]
2024-09-08 09:12:48.767 [info] > git config --local branch.main.vscode-merge-base [2ms]
2024-09-08 09:12:48.778 [info] > git for-each-ref --format=%(refname)%00%(upstream:short)%00%(objectname)%00%(upstream:track)%00%(upstream:remotename)%00%(upstream:remoteref) refs/heads/origin/main refs/remotes/origin/main [2ms]
2024-09-08 09:12:53.809 [info] > git config --get commit.template [36ms]
2024-09-08 09:12:53.822 [info] > git for-each-ref --format=%(refname)%00%(upstream:short)%00%(objectname)%00%(upstream:track)%00%(upstream:remotename)%00%(upstream:remoteref) refs/heads/main refs/remotes/main [16ms]
2024-09-08 09:12:53.877 [info] > git status -z -uall [26ms]
2024-09-08 09:12:53.895 [info] > git for-each-ref --format=%(refname)%00%(upstream:short)%00%(objectname)%00%(upstream:track)%00%(upstream:remotename)%00%(upstream:remoteref) refs/heads/main refs/remotes/main [5ms]
2024-09-08 09:12:53.908 [info] > git config --local branch.main.vscode-merge-base [2ms]
2024-09-08 09:12:53.923 [info] > git for-each-ref --format=%(refname)%00%(upstream:short)%00%(objectname)%00%(upstream:track)%00%(upstream:remotename)%00%(upstream:remoteref) refs/heads/origin/main refs/remotes/origin/main [4ms]
2024-09-08 09:15:10.376 [info] > git config --get commit.template [6ms]
2024-09-08 09:15:10.396 [info] > git for-each-ref --format=%(refname)%00%(upstream:short)%00%(objectname)%00%(upstream:track)%00%(upstream:remotename)%00%(upstream:remoteref) refs/heads/main refs/remotes/main [7ms]
2024-09-08 09:15:10.421 [info] > git status -z -uall [13ms]
2024-09-08 09:15:10.444 [info] > git for-each-ref --format=%(refname)%00%(upstream:short)%00%(objectname)%00%(upstream:track)%00%(upstream:remotename)%00%(upstream:remoteref) refs/heads/main refs/remotes/main [7ms]
2024-09-08 09:15:10.460 [info] > git config --local branch.main.vscode-merge-base [4ms]
2024-09-08 09:15:10.484 [info] > git for-each-ref --format=%(refname)%00%(upstream:short)%00%(objectname)%00%(upstream:track)%00%(upstream:remotename)%00%(upstream:remoteref) refs/heads/origin/main refs/remotes/origin/main [10ms]
2024-09-08 09:15:15.490 [info] > git config --get commit.template [28ms]
2024-09-08 09:15:15.495 [info] > git for-each-ref --format=%(refname)%00%(upstream:short)%00%(objectname)%00%(upstream:track)%00%(upstream:remotename)%00%(upstream:remoteref) refs/heads/main refs/remotes/main [7ms]
2024-09-08 09:15:15.518 [info] > git status -z -uall [12ms]
2024-09-08 09:15:15.533 [info] > git for-each-ref --format=%(refname)%00%(upstream:short)%00%(objectname)%00%(upstream:track)%00%(upstream:remotename)%00%(upstream:remoteref) refs/heads/main refs/remotes/main [5ms]
2024-09-08 09:15:15.541 [info] > git config --local branch.main.vscode-merge-base [2ms]
2024-09-08 09:15:15.548 [info] > git for-each-ref --format=%(refname)%00%(upstream:short)%00%(objectname)%00%(upstream:track)%00%(upstream:remotename)%00%(upstream:remoteref) refs/heads/origin/main refs/remotes/origin/main [2ms]
2024-09-08 09:15:32.508 [info] > git config --get commit.template [16ms]
2024-09-08 09:15:32.517 [info] > git for-each-ref --format=%(refname)%00%(upstream:short)%00%(objectname)%00%(upstream:track)%00%(upstream:remotename)%00%(upstream:remoteref) refs/heads/main refs/remotes/main [11ms]
2024-09-08 09:15:32.540 [info] > git status -z -uall [14ms]
2024-09-08 09:15:32.555 [info] > git for-each-ref --format=%(refname)%00%(upstream:short)%00%(objectname)%00%(upstream:track)%00%(upstream:remotename)%00%(upstream:remoteref) refs/heads/main refs/remotes/main [6ms]
2024-09-08 09:15:32.565 [info] > git config --local branch.main.vscode-merge-base [3ms]
2024-09-08 09:15:32.579 [info] > git for-each-ref --format=%(refname)%00%(upstream:short)%00%(objectname)%00%(upstream:track)%00%(upstream:remotename)%00%(upstream:remoteref) refs/heads/origin/main refs/remotes/origin/main [3ms]
2024-09-08 09:15:37.789 [info] > git config --get commit.template [15ms]
2024-09-08 09:15:37.796 [info] > git for-each-ref --format=%(refname)%00%(upstream:short)%00%(objectname)%00%(upstream:track)%00%(upstream:remotename)%00%(upstream:remoteref) refs/heads/main refs/remotes/main [9ms]
2024-09-08 09:15:37.828 [info] > git status -z -uall [18ms]
2024-09-08 09:15:37.841 [info] > git for-each-ref --format=%(refname)%00%(upstream:short)%00%(objectname)%00%(upstream:track)%00%(upstream:remotename)%00%(upstream:remoteref) refs/heads/main refs/remotes/main [5ms]
2024-09-08 09:15:37.848 [info] > git config --local branch.main.vscode-merge-base [2ms]
2024-09-08 09:15:37.855 [info] > git for-each-ref --format=%(refname)%00%(upstream:short)%00%(objectname)%00%(upstream:track)%00%(upstream:remotename)%00%(upstream:remoteref) refs/heads/origin/main refs/remotes/origin/main [2ms]
2024-09-08 09:32:20.285 [info] > git config --get commit.template [19ms]
2024-09-08 09:32:20.288 [info] > git for-each-ref --format=%(refname)%00%(upstream:short)%00%(objectname)%00%(upstream:track)%00%(upstream:remotename)%00%(upstream:remoteref) refs/heads/main refs/remotes/main [7ms]
2024-09-08 09:32:20.322 [info] > git status -z -uall [11ms]
2024-09-08 09:32:20.343 [info] > git for-each-ref --format=%(refname)%00%(upstream:short)%00%(objectname)%00%(upstream:track)%00%(upstream:remotename)%00%(upstream:remoteref) refs/heads/main refs/remotes/main [8ms]
2024-09-08 09:32:20.377 [info] > git config --local branch.main.vscode-merge-base [16ms]
2024-09-08 09:32:20.390 [info] > git ls-files --stage -- /home/joaochiroli/Commands-List/Azure/README.md [16ms]
2024-09-08 09:32:20.410 [info] > git cat-file -s 82a5f6824c4036a6862430c8befccfba8e075c1e [6ms]
2024-09-08 09:32:20.411 [info] > git for-each-ref --format=%(refname)%00%(upstream:short)%00%(objectname)%00%(upstream:track)%00%(upstream:remotename)%00%(upstream:remoteref) refs/heads/origin/main refs/remotes/origin/main [23ms]
2024-09-08 09:32:20.430 [info] > git merge-base refs/heads/main refs/remotes/origin/main [5ms]
2024-09-08 09:32:20.458 [info] > git rev-list --count --left-right refs/heads/main...refs/remotes/origin/main [19ms]
2024-09-08 09:32:20.477 [info] > git show --textconv :Azure/README.md [20ms]
2024-09-08 09:32:20.484 [info] > git diff --name-status -z --diff-filter=ADMR afe8b352d1171c3204ceafa842c7dda26a5ccba8...refs/remotes/origin/main [12ms]
2024-09-08 09:32:25.379 [info] > git config --get commit.template [14ms]
2024-09-08 09:32:25.382 [info] > git for-each-ref --format=%(refname)%00%(upstream:short)%00%(objectname)%00%(upstream:track)%00%(upstream:remotename)%00%(upstream:remoteref) refs/heads/main refs/remotes/main [4ms]
2024-09-08 09:32:25.432 [info] > git status -z -uall [17ms]
2024-09-08 09:32:25.443 [info] > git for-each-ref --format=%(refname)%00%(upstream:short)%00%(objectname)%00%(upstream:track)%00%(upstream:remotename)%00%(upstream:remoteref) refs/heads/main refs/remotes/main [4ms]
2024-09-08 09:32:25.450 [info] > git config --local branch.main.vscode-merge-base [2ms]
2024-09-08 09:32:25.458 [info] > git for-each-ref --format=%(refname)%00%(upstream:short)%00%(objectname)%00%(upstream:track)%00%(upstream:remotename)%00%(upstream:remoteref) refs/heads/origin/main refs/remotes/origin/main [2ms]
2024-09-08 09:32:33.748 [info] > git config --get commit.template [16ms]
2024-09-08 09:32:33.754 [info] > git for-each-ref --format=%(refname)%00%(upstream:short)%00%(objectname)%00%(upstream:track)%00%(upstream:remotename)%00%(upstream:remoteref) refs/heads/main refs/remotes/main [8ms]
2024-09-08 09:32:33.782 [info] > git status -z -uall [15ms]
2024-09-08 09:32:33.795 [info] > git for-each-ref --format=%(refname)%00%(upstream:short)%00%(objectname)%00%(upstream:track)%00%(upstream:remotename)%00%(upstream:remoteref) refs/heads/main refs/remotes/main [4ms]
2024-09-08 09:32:33.804 [info] > git config --local branch.main.vscode-merge-base [3ms]
2024-09-08 09:32:33.812 [info] > git for-each-ref --format=%(refname)%00%(upstream:short)%00%(objectname)%00%(upstream:track)%00%(upstream:remotename)%00%(upstream:remoteref) refs/heads/origin/main refs/remotes/origin/main [3ms]
2024-09-08 09:32:35.789 [info] > git check-ignore -v -z --stdin [30ms]
2024-09-08 09:32:38.859 [info] > git config --get commit.template [34ms]
2024-09-08 09:32:38.870 [info] > git for-each-ref --format=%(refname)%00%(upstream:short)%00%(objectname)%00%(upstream:track)%00%(upstream:remotename)%00%(upstream:remoteref) refs/heads/main refs/remotes/main [13ms]
2024-09-08 09:32:38.901 [info] > git status -z -uall [15ms]
2024-09-08 09:32:38.918 [info] > git for-each-ref --format=%(refname)%00%(upstream:short)%00%(objectname)%00%(upstream:track)%00%(upstream:remotename)%00%(upstream:remoteref) refs/heads/main refs/remotes/main [8ms]
2024-09-08 09:32:38.927 [info] > git config --local branch.main.vscode-merge-base [2ms]
2024-09-08 09:32:38.937 [info] > git for-each-ref --format=%(refname)%00%(upstream:short)%00%(objectname)%00%(upstream:track)%00%(upstream:remotename)%00%(upstream:remoteref) refs/heads/origin/main refs/remotes/origin/main [3ms]
2024-09-08 09:33:12.588 [info] > git config --get commit.template [15ms]
2024-09-08 09:33:12.590 [info] > git for-each-ref --format=%(refname)%00%(upstream:short)%00%(objectname)%00%(upstream:track)%00%(upstream:remotename)%00%(upstream:remoteref) refs/heads/main refs/remotes/main [3ms]
2024-09-08 09:33:12.629 [info] > git status -z -uall [24ms]
2024-09-08 09:33:12.648 [info] > git for-each-ref --format=%(refname)%00%(upstream:short)%00%(objectname)%00%(upstream:track)%00%(upstream:remotename)%00%(upstream:remoteref) refs/heads/main refs/remotes/main [7ms]
2024-09-08 09:33:12.661 [info] > git config --local branch.main.vscode-merge-base [3ms]
2024-09-08 09:33:12.682 [info] > git for-each-ref --format=%(refname)%00%(upstream:short)%00%(objectname)%00%(upstream:track)%00%(upstream:remotename)%00%(upstream:remoteref) refs/heads/origin/main refs/remotes/origin/main [4ms]
2024-09-08 09:33:25.308 [info] > git config --get commit.template [8ms]
2024-09-08 09:33:25.311 [info] > git for-each-ref --format=%(refname)%00%(upstream:short)%00%(objectname)%00%(upstream:track)%00%(upstream:remotename)%00%(upstream:remoteref) refs/heads/main refs/remotes/main [4ms]
2024-09-08 09:33:25.329 [info] > git status -z -uall [10ms]
2024-09-08 09:33:25.342 [info] > git for-each-ref --format=%(refname)%00%(upstream:short)%00%(objectname)%00%(upstream:track)%00%(upstream:remotename)%00%(upstream:remoteref) refs/heads/main refs/remotes/main [4ms]
2024-09-08 09:33:25.354 [info] > git config --local branch.main.vscode-merge-base [4ms]
2024-09-08 09:33:25.363 [info] > git for-each-ref --format=%(refname)%00%(upstream:short)%00%(objectname)%00%(upstream:track)%00%(upstream:remotename)%00%(upstream:remoteref) refs/heads/origin/main refs/remotes/origin/main [2ms]
2024-09-08 09:33:30.382 [info] > git config --get commit.template [16ms]
2024-09-08 09:33:30.385 [info] > git for-each-ref --format=%(refname)%00%(upstream:short)%00%(objectname)%00%(upstream:track)%00%(upstream:remotename)%00%(upstream:remoteref) refs/heads/main refs/remotes/main [4ms]
2024-09-08 09:33:30.399 [info] > git status -z -uall [7ms]
2024-09-08 09:33:30.409 [info] > git for-each-ref --format=%(refname)%00%(upstream:short)%00%(objectname)%00%(upstream:track)%00%(upstream:remotename)%00%(upstream:remoteref) refs/heads/main refs/remotes/main [4ms]
2024-09-08 09:33:30.416 [info] > git config --local branch.main.vscode-merge-base [2ms]
2024-09-08 09:33:30.423 [info] > git for-each-ref --format=%(refname)%00%(upstream:short)%00%(objectname)%00%(upstream:track)%00%(upstream:remotename)%00%(upstream:remoteref) refs/heads/origin/main refs/remotes/origin/main [2ms]
2024-09-08 09:33:35.421 [info] > git config --get commit.template [7ms]
2024-09-08 09:33:35.422 [info] > git for-each-ref --format=%(refname)%00%(upstream:short)%00%(objectname)%00%(upstream:track)%00%(upstream:remotename)%00%(upstream:remoteref) refs/heads/main refs/remotes/main [2ms]
2024-09-08 09:33:35.436 [info] > git status -z -uall [8ms]
2024-09-08 09:33:35.446 [info] > git for-each-ref --format=%(refname)%00%(upstream:short)%00%(objectname)%00%(upstream:track)%00%(upstream:remotename)%00%(upstream:remoteref) refs/heads/main refs/remotes/main [3ms]
2024-09-08 09:33:35.453 [info] > git config --local branch.main.vscode-merge-base [2ms]
2024-09-08 09:33:35.460 [info] > git for-each-ref --format=%(refname)%00%(upstream:short)%00%(objectname)%00%(upstream:track)%00%(upstream:remotename)%00%(upstream:remoteref) refs/heads/origin/main refs/remotes/origin/main [2ms]
2024-09-08 09:33:44.531 [info] > git config --get commit.template [8ms]
2024-09-08 09:33:44.534 [info] > git for-each-ref --format=%(refname)%00%(upstream:short)%00%(objectname)%00%(upstream:track)%00%(upstream:remotename)%00%(upstream:remoteref) refs/heads/main refs/remotes/main [4ms]
2024-09-08 09:33:44.551 [info] > git status -z -uall [10ms]
2024-09-08 09:33:44.563 [info] > git for-each-ref --format=%(refname)%00%(upstream:short)%00%(objectname)%00%(upstream:track)%00%(upstream:remotename)%00%(upstream:remoteref) refs/heads/main refs/remotes/main [4ms]
2024-09-08 09:33:44.571 [info] > git config --local branch.main.vscode-merge-base [2ms]
2024-09-08 09:33:44.580 [info] > git for-each-ref --format=%(refname)%00%(upstream:short)%00%(objectname)%00%(upstream:track)%00%(upstream:remotename)%00%(upstream:remoteref) refs/heads/origin/main refs/remotes/origin/main [3ms]
