2024-09-08 09:10:09.347 [info] Extension host with pid 51691 started
2024-09-08 09:10:09.561 [info] ExtensionService#_doActivateExtension vscode.git-base, startup: true, activationEvent: '*', root cause: vscode.git
2024-09-08 09:10:09.744 [info] ExtensionService#_doActivateExtension vscode.git, startup: true, activationEvent: '*'
2024-09-08 09:10:09.926 [info] ExtensionService#_doActivateExtension vscode.github, startup: true, activationEvent: '*'
2024-09-08 09:10:10.136 [info] Eager extensions activated
2024-09-08 09:10:10.157 [info] ExtensionService#_doActivateExtension vscode.debug-auto-launch, startup: false, activationEvent: 'onStartupFinished'
2024-09-08 09:10:10.161 [info] ExtensionService#_doActivateExtension vscode.merge-conflict, startup: false, activationEvent: 'onStartupFinished'
2024-09-08 09:10:26.231 [info] Extension host terminating: renderer closed the MessagePort
2024-09-08 09:10:26.300 [info] Extension host with pid 51691 exiting with code 0
2024-09-08 09:10:28.302 [info] Extension host with pid 51911 started
2024-09-08 09:10:28.302 [info] Skipping acquiring lock for /home/joaochiroli/Commands-List/~/.vscode-root/User/workspaceStorage/f249ae0e4e20836a6814c0de09ca11f3.
2024-09-08 09:10:28.488 [info] ExtensionService#_doActivateExtension vscode.git-base, startup: true, activationEvent: '*'
2024-09-08 09:10:28.528 [info] ExtensionService#_doActivateExtension vscode.github, startup: true, activationEvent: '*'
2024-09-08 09:10:28.590 [info] Eager extensions activated
2024-09-08 09:10:28.596 [info] ExtensionService#_doActivateExtension vscode.debug-auto-launch, startup: false, activationEvent: 'onStartupFinished'
2024-09-08 09:10:28.601 [info] ExtensionService#_doActivateExtension vscode.merge-conflict, startup: false, activationEvent: 'onStartupFinished'
2024-09-08 09:10:31.579 [info] ExtensionService#_doActivateExtension vscode.git, startup: false, activationEvent: 'api', root cause: vscode.github
2024-09-08 09:10:31.923 [info] ExtensionService#_doActivateExtension vscode.emmet, startup: false, activationEvent: 'onLanguage'
2024-09-08 09:10:31.999 [warning] [Decorations] CAPPING events from decorations provider vscode.git 304
2024-09-08 09:10:32.208 [info] ExtensionService#_doActivateExtension vscode.github-authentication, startup: false, activationEvent: 'onAuthenticationRequest:github'
2024-09-08 09:10:32.556 [warning] [Decorations] CAPPING events from decorations provider vscode.git 305
2024-09-08 09:10:33.680 [info] ExtensionService#_doActivateExtension vscode.extension-editing, startup: false, activationEvent: 'onLanguage:markdown'
2024-09-08 09:10:33.718 [info] ExtensionService#_doActivateExtension vscode.markdown-language-features, startup: false, activationEvent: 'onLanguage:markdown'
2024-09-08 09:10:35.258 [info] ExtensionService#_doActivateExtension vscode.markdown-math, startup: false, activationEvent: 'api', root cause: vscode.markdown-language-features
2024-09-08 09:10:38.921 [warning] [Decorations] CAPPING events from decorations provider vscode.git 309
2024-09-08 09:10:44.027 [warning] [Decorations] CAPPING events from decorations provider vscode.git 311
2024-09-08 09:10:49.147 [warning] [Decorations] CAPPING events from decorations provider vscode.git 314
2024-09-08 09:10:54.199 [warning] [Decorations] CAPPING events from decorations provider vscode.git 318
2024-09-08 09:10:59.268 [warning] [Decorations] CAPPING events from decorations provider vscode.git 323
2024-09-08 09:11:04.700 [info] ExtensionService#_doActivateExtension vscode.npm, startup: false, activationEvent: 'onTerminalQuickFixRequest:ms-vscode.npm-command'
2024-09-08 09:11:06.109 [warning] [Decorations] CAPPING events from decorations provider vscode.git 337
2024-09-08 09:12:16.182 [warning] [Decorations] CAPPING events from decorations provider vscode.git 339
2024-09-08 09:12:21.256 [warning] [Decorations] CAPPING events from decorations provider vscode.git 339
2024-09-08 09:12:26.306 [warning] [Decorations] CAPPING events from decorations provider vscode.git 339
